<?xml version="1.0" encoding="UTF-8"?>
<testng-results ignored="0" total="1" passed="1" failed="0" skipped="0">
  <reporter-output>
  </reporter-output>
  <suite started-at="2019-11-20T11:37:06 EST" name="Default suite" finished-at="2019-11-20T11:37:16 EST" duration-ms="10309">
    <groups>
    </groups>
    <test started-at="2019-11-20T11:37:06 EST" name="Default test" finished-at="2019-11-20T11:37:16 EST" duration-ms="10309">
      <class name="selenium4Features.CaptureScreenShotSpecificSection">
        <test-method signature="test1()[pri:0, instance:selenium4Features.CaptureScreenShotSpecificSection@6e509ffa]" started-at="2019-11-20T11:37:06 EST" name="test1" finished-at="2019-11-20T11:37:16 EST" duration-ms="10234" status="PASS">
          <reporter-output>
          </reporter-output>
        </test-method> <!-- test1 -->
      </class> <!-- selenium4Features.CaptureScreenShotSpecificSection -->
    </test> <!-- Default test -->
  </suite> <!-- Default suite -->
</testng-results>
