<?xml version="1.0" encoding="UTF-8"?>
<testng-results skipped="0" failed="0" ignored="0" total="1" passed="1">
  <reporter-output>
  </reporter-output>
  <suite name="Default suite" duration-ms="18968" started-at="2019-11-19T20:55:35 EST" finished-at="2019-11-19T20:55:54 EST">
    <groups>
    </groups>
    <test name="Default test" duration-ms="18968" started-at="2019-11-19T20:55:35 EST" finished-at="2019-11-19T20:55:54 EST">
      <class name="selenium4Features.GetLocation">
        <test-method status="PASS" signature="test1()[pri:0, instance:selenium4Features.GetLocation@72b6cbcc]" name="test1" duration-ms="18893" started-at="2019-11-19T20:55:35 EST" finished-at="2019-11-19T20:55:54 EST">
          <reporter-output>
          </reporter-output>
        </test-method> <!-- test1 -->
      </class> <!-- selenium4Features.GetLocation -->
    </test> <!-- Default test -->
  </suite> <!-- Default suite -->
</testng-results>
